Rendering to 768x768 image
Loaded scene with 10000 circles
Loaded scene with 10000 circles
---------------------------------------------------------
Initializing CUDA for CudaRenderer
Found 2 CUDA devices
Device 0: GeForce GTX 480
   SMs:        15
   Global mem: 1536 MB
   CUDA Cap:   2.0
Device 1: Quadro FX 580
   SMs:        4
   Global mem: 511 MB
   CUDA Cap:   1.1
---------------------------------------------------------

Running benchmark, 1 frames, beginning at frame 0 ...
Copying image data from device
Mismatch detected at pixel [328][192], value = 0.670850, expected 0.776864 for color Red
Mismatch detected at pixel [638][164], value = 0.666621, expected 0.566327 for color Red
***************** Correctness check passed **************************
Clear:    0.1160 ms
Advance:  0.0001 ms
Render:   20.2506 ms
Total:    20.3667 ms

Overall:  0.5084 sec (note units are seconds)
