Rendering to 768x768 image
Loaded scene with 1217 circles
---------------------------------------------------------
Initializing CUDA for CudaRenderer
Found 2 CUDA devices
Device 0: GeForce GTX 480
   SMs:        15
   Global mem: 1536 MB
   CUDA Cap:   2.0
Device 1: Quadro FX 580
   SMs:        4
   Global mem: 511 MB
   CUDA Cap:   1.1
---------------------------------------------------------

Running benchmark, 4 frames, beginning at frame 0 ...
Clear:    0.0692 ms
Advance:  0.0001 ms
Render:   2.1999 ms
Total:    2.2691 ms

Overall:  0.0092 sec (note units are seconds)
